{"C:\\Users\\lanke\\OneDrive\\Desktop\\raodsidecoder\\trafficsignalreactapp\\src\\Components\\TrafficLights.tsx": {"path":"C:\\Users\\lanke\\OneDrive\\Desktop\\raodsidecoder\\trafficsignalreactapp\\src\\Components\\TrafficLights.tsx","statementMap":{"0":{"start":{"line":9,"column":22},"end":{"line":42,"column":1}},"1":{"start":{"line":10,"column":42},"end":{"line":10,"column":79}},"2":{"start":{"line":12,"column":2},"end":{"line":22,"column":29}},"3":{"start":{"line":13,"column":51},"end":{"line":13,"column":71}},"4":{"start":{"line":15,"column":18},"end":{"line":17,"column":16}},"5":{"start":{"line":16,"column":6},"end":{"line":16,"column":28}},"6":{"start":{"line":19,"column":4},"end":{"line":21,"column":6}},"7":{"start":{"line":20,"column":6},"end":{"line":20,"column":26}},"8":{"start":{"line":24,"column":2},"end":{"line":41,"column":4}},"9":{"start":{"line":28,"column":10},"end":{"line":37,"column":12}}},"fnMap":{"0":{"name":"(anonymous_0)","decl":{"start":{"line":9,"column":22},"end":{"line":9,"column":23}},"loc":{"start":{"line":9,"column":58},"end":{"line":42,"column":1}},"line":9},"1":{"name":"(anonymous_1)","decl":{"start":{"line":12,"column":12},"end":{"line":12,"column":13}},"loc":{"start":{"line":12,"column":18},"end":{"line":22,"column":3}},"line":12},"2":{"name":"(anonymous_2)","decl":{"start":{"line":15,"column":29},"end":{"line":15,"column":30}},"loc":{"start":{"line":15,"column":35},"end":{"line":17,"column":5}},"line":15},"3":{"name":"(anonymous_3)","decl":{"start":{"line":19,"column":11},"end":{"line":19,"column":12}},"loc":{"start":{"line":19,"column":17},"end":{"line":21,"column":5}},"line":19},"4":{"name":"(anonymous_4)","decl":{"start":{"line":27,"column":34},"end":{"line":27,"column":35}},"loc":{"start":{"line":27,"column":48},"end":{"line":38,"column":9}},"line":27}},"branchMap":{"0":{"loc":{"start":{"line":34,"column":18},"end":{"line":34,"column":77}},"type":"cond-expr","locations":[{"start":{"line":34,"column":43},"end":{"line":34,"column":72}},{"start":{"line":34,"column":75},"end":{"line":34,"column":77}}],"line":34}},"s":{"0":1,"1":1,"2":1,"3":1,"4":1,"5":0,"6":1,"7":1,"8":1,"9":3},"f":{"0":1,"1":1,"2":0,"3":1,"4":3},"b":{"0":[1,2]},"_coverageSchema":"1a1c01bbd47fc00a2c39e90264f33305004495a9","hash":"f4b44e015c6122eb0e92b84558c8cbb6beb483d9"}
,"C:\\Users\\lanke\\OneDrive\\Desktop\\raodsidecoder\\trafficsignalreactapp\\src\\utils\\util.ts": {"path":"C:\\Users\\lanke\\OneDrive\\Desktop\\raodsidecoder\\trafficsignalreactapp\\src\\utils\\util.ts","statementMap":{"0":{"start":{"line":16,"column":32},"end":{"line":32,"column":1}}},"fnMap":{},"branchMap":{},"s":{"0":1},"f":{},"b":{},"_coverageSchema":"1a1c01bbd47fc00a2c39e90264f33305004495a9","hash":"4b14ae73b7f5aa774ff28e5aaf45a6a7c90afc0b"}
}
